<?xml version="1.0" encoding="UTF-8"?>
<!-- Generated by org.testng.reporters.JUnitXMLReporter -->
<testsuite ignored="2" hostname="DESKTOP-PA5U02U" failures="0" tests="0" time="0.015" errors="0" timestamp="2022-06-29T11:38:22 IST">
  <testcase classname="com.tests.ProductPageTests" name="validateUserNavigatesToCartPageSuccessfully" time="0.0">
    <ignored/>
  </testcase> <!-- validateUserNavigatesToCartPageSuccessfully -->
  <testcase classname="com.tests.ProductPageTests" name="validateProductsAreAddedToCart" time="0.0">
    <ignored/>
  </testcase> <!-- validateProductsAreAddedToCart -->
</testsuite>
